TN:
SF:src/App.tsx
FN:6,App
FNF:1
FNH:1
FNDA:2,App
DA:7,2
LF:1
LH:1
BRF:0
BRH:0
end_of_record
TN:
SF:src/infrastructure/api/CountryService.ts
FN:6,(anonymous_0)
FN:15,(anonymous_1)
FN:24,(anonymous_2)
FN:29,(anonymous_3)
FNF:4
FNH:3
FNDA:3,(anonymous_0)
FNDA:1,(anonymous_1)
FNDA:2,(anonymous_2)
FNDA:0,(anonymous_3)
DA:7,3
DA:16,1
DA:25,2
DA:26,0
DA:30,0
DA:31,0
DA:35,4
LF:7
LH:4
BRDA:9,0,0,3
BRDA:9,0,1,0
BRDA:11,1,0,3
BRDA:11,1,1,1
BRF:4
BRH:3
end_of_record
TN:
SF:src/infrastructure/api/countryApi.ts
FN:20,(anonymous_0)
FN:28,(anonymous_1)
FNF:2
FNH:2
FNDA:4,(anonymous_0)
FNDA:2,(anonymous_1)
DA:1,5
DA:19,5
DA:21,4
DA:22,2
DA:23,1
DA:25,1
DA:29,2
DA:30,2
DA:31,1
DA:33,1
DA:34,1
LF:11
LH:11
BRDA:22,0,0,1
BRDA:22,0,1,1
BRDA:30,1,0,1
BRDA:30,1,1,1
BRF:4
BRH:4
end_of_record
TN:
SF:src/presentation/components/CountryCard.tsx
FN:9,(anonymous_0)
FN:12,(anonymous_1)
FNF:2
FNH:2
FNDA:7,(anonymous_0)
FNDA:1,(anonymous_1)
DA:9,3
DA:10,7
DA:12,7
DA:13,1
DA:16,7
LF:5
LH:5
BRF:0
BRH:0
end_of_record
TN:
SF:src/presentation/components/ErrorMessage.tsx
FN:7,(anonymous_0)
FNF:1
FNH:1
FNDA:2,(anonymous_0)
DA:7,3
DA:8,2
LF:2
LH:2
BRF:0
BRH:0
end_of_record
TN:
SF:src/presentation/components/Loader.tsx
FN:3,(anonymous_0)
FNF:1
FNH:1
FNDA:10,(anonymous_0)
DA:3,3
DA:4,10
LF:2
LH:2
BRF:0
BRH:0
end_of_record
TN:
SF:src/presentation/hooks/useCountries.ts
FN:5,(anonymous_0)
FN:10,(anonymous_1)
FN:11,(anonymous_2)
FNF:3
FNH:3
FNDA:9,(anonymous_0)
FNDA:6,(anonymous_1)
FNDA:6,(anonymous_2)
DA:5,2
DA:6,9
DA:7,9
DA:8,9
DA:10,9
DA:11,6
DA:12,6
DA:13,6
DA:14,6
DA:15,2
DA:16,2
DA:18,1
DA:20,3
DA:24,6
DA:27,9
LF:15
LH:15
BRDA:18,0,0,1
BRDA:18,0,1,0
BRF:2
BRH:1
end_of_record
TN:
SF:src/presentation/hooks/useCountryDetail.ts
FN:5,(anonymous_0)
FN:10,(anonymous_1)
FN:13,(anonymous_2)
FNF:3
FNH:3
FNDA:7,(anonymous_0)
FNDA:4,(anonymous_1)
FNDA:4,(anonymous_2)
DA:5,2
DA:6,7
DA:7,7
DA:8,7
DA:10,7
DA:11,4
DA:13,4
DA:14,4
DA:15,4
DA:16,4
DA:17,2
DA:18,2
DA:20,1
DA:22,3
DA:26,4
DA:29,7
LF:16
LH:16
BRDA:11,0,0,0
BRDA:11,0,1,4
BRDA:20,1,0,1
BRDA:20,1,1,0
BRF:4
BRH:2
end_of_record
TN:
SF:src/presentation/pages/DetailPage.tsx
FN:7,(anonymous_0)
FN:16,(anonymous_1)
FN:22,(anonymous_2)
FNF:3
FNH:2
FNDA:7,(anonymous_0)
FNDA:4,(anonymous_1)
FNDA:0,(anonymous_2)
DA:7,2
DA:8,7
DA:9,7
DA:10,7
DA:12,7
DA:13,3
DA:14,2
DA:16,2
DA:17,4
DA:20,2
DA:22,0
LF:11
LH:10
BRDA:12,0,0,4
BRDA:12,0,1,3
BRDA:13,1,0,1
BRDA:13,1,1,2
BRDA:14,2,0,0
BRDA:14,2,1,2
BRDA:45,3,0,2
BRDA:45,3,1,2
BRDA:52,4,0,7
BRDA:52,4,1,2
BRDA:59,5,0,7
BRDA:59,5,1,2
BRF:12
BRH:11
end_of_record
TN:
SF:src/presentation/pages/HomePage.tsx
FN:7,(anonymous_0)
FN:21,(anonymous_1)
FNF:2
FNH:2
FNDA:9,(anonymous_0)
FNDA:4,(anonymous_1)
DA:7,2
DA:8,9
DA:10,9
DA:11,3
DA:13,2
DA:22,4
LF:6
LH:6
BRDA:10,0,0,6
BRDA:10,0,1,3
BRDA:11,1,0,1
BRDA:11,1,1,2
BRF:4
BRH:4
end_of_record
