TN:
SF:src/App.tsx
FN:6,App
FNF:1
FNH:1
FNDA:2,App
DA:7,2
LF:1
LH:1
BRF:0
BRH:0
end_of_record
TN:
SF:src/components/CountryCard/CountryCard.tsx
FN:9,(anonymous_0)
FN:12,(anonymous_1)
FNF:2
FNH:2
FNDA:199,(anonymous_0)
FNDA:1,(anonymous_1)
DA:9,3
DA:10,199
DA:12,199
DA:13,1
DA:16,199
LF:5
LH:5
BRF:0
BRH:0
end_of_record
TN:
SF:src/components/ErrorMessage/ErrorMessage.tsx
FN:7,(anonymous_0)
FNF:1
FNH:1
FNDA:2,(anonymous_0)
DA:7,3
DA:8,2
LF:2
LH:2
BRF:0
BRH:0
end_of_record
TN:
SF:src/components/Loader/Loader.tsx
FN:3,(anonymous_0)
FNF:1
FNH:1
FNDA:4,(anonymous_0)
DA:3,2
DA:4,4
LF:2
LH:2
BRF:0
BRH:0
end_of_record
TN:
SF:src/components/SkeletonCard/SkeletonCard.tsx
FN:3,(anonymous_0)
FN:15,(anonymous_1)
FN:18,(anonymous_2)
FNF:3
FNH:3
FNDA:168,(anonymous_0)
FNDA:14,(anonymous_1)
FNDA:168,(anonymous_2)
DA:3,2
DA:4,168
DA:15,2
DA:16,14
DA:19,168
LF:5
LH:5
BRF:0
BRH:0
end_of_record
TN:
SF:src/hooks/useCountries.ts
FN:5,(anonymous_0)
FN:10,(anonymous_1)
FN:11,(anonymous_2)
FNF:3
FNH:3
FNDA:38,(anonymous_0)
FNDA:17,(anonymous_1)
FNDA:17,(anonymous_2)
DA:5,3
DA:6,38
DA:7,38
DA:8,38
DA:10,38
DA:11,17
DA:12,17
DA:13,17
DA:14,17
DA:15,11
DA:16,11
DA:18,3
DA:20,14
DA:24,17
DA:27,38
LF:15
LH:15
BRDA:18,0,0,2
BRDA:18,0,1,1
BRF:2
BRH:2
end_of_record
TN:
SF:src/hooks/useCountryDetail.ts
FN:5,(anonymous_0)
FN:10,(anonymous_1)
FN:13,(anonymous_2)
FNF:3
FNH:3
FNDA:14,(anonymous_0)
FNDA:8,(anonymous_1)
FNDA:7,(anonymous_2)
DA:5,3
DA:6,14
DA:7,14
DA:8,14
DA:10,14
DA:11,8
DA:13,7
DA:14,7
DA:15,7
DA:16,7
DA:17,3
DA:18,3
DA:20,3
DA:22,6
DA:26,7
DA:29,14
LF:16
LH:16
BRDA:11,0,0,1
BRDA:11,0,1,7
BRDA:20,1,0,2
BRDA:20,1,1,1
BRF:4
BRH:4
end_of_record
TN:
SF:src/pages/DetailPage/DetailPage.tsx
FN:7,(anonymous_0)
FN:16,(anonymous_1)
FN:22,(anonymous_2)
FNF:3
FNH:2
FNDA:7,(anonymous_0)
FNDA:4,(anonymous_1)
FNDA:0,(anonymous_2)
DA:7,2
DA:8,7
DA:9,7
DA:10,7
DA:12,7
DA:13,3
DA:14,2
DA:16,2
DA:17,4
DA:20,2
DA:22,0
LF:11
LH:10
BRDA:12,0,0,4
BRDA:12,0,1,3
BRDA:13,1,0,1
BRDA:13,1,1,2
BRDA:14,2,0,0
BRDA:14,2,1,2
BRDA:51,3,0,2
BRDA:51,3,1,2
BRDA:61,4,0,7
BRDA:61,4,1,2
BRDA:71,5,0,7
BRDA:71,5,1,2
BRF:12
BRH:11
end_of_record
TN:
SF:src/pages/HomePage/HomePage.tsx
FN:10,(anonymous_0)
FN:15,(anonymous_1)
FN:19,(anonymous_2)
FN:29,(anonymous_3)
FN:34,(anonymous_4)
FN:72,(anonymous_5)
FN:82,(anonymous_6)
FN:89,(anonymous_7)
FN:89,(anonymous_8)
FN:99,(anonymous_9)
FN:113,(anonymous_10)
FNF:11
FNH:10
FNDA:32,(anonymous_0)
FNDA:27,(anonymous_1)
FNDA:38,(anonymous_2)
FNDA:3,(anonymous_3)
FNDA:4,(anonymous_4)
FNDA:196,(anonymous_5)
FNDA:0,(anonymous_6)
FNDA:20,(anonymous_7)
FNDA:20,(anonymous_8)
FNDA:2,(anonymous_9)
FNDA:2,(anonymous_10)
DA:8,2
DA:10,2
DA:11,32
DA:12,32
DA:13,32
DA:15,32
DA:16,27
DA:18,3
DA:19,3
DA:20,38
DA:25,32
DA:26,32
DA:27,32
DA:29,32
DA:30,3
DA:31,3
DA:34,32
DA:35,4
DA:36,4
DA:39,32
DA:41,31
DA:73,196
DA:82,0
DA:89,20
DA:90,20
DA:95,20
DA:99,2
DA:104,0
DA:105,0
DA:107,0
DA:113,2
LF:31
LH:27
BRDA:16,0,0,24
BRDA:16,0,1,3
BRDA:20,1,0,38
BRDA:20,1,1,26
BRDA:20,1,2,26
BRDA:39,2,0,1
BRDA:39,2,1,31
BRDA:46,3,0,14
BRDA:46,3,1,17
BRDA:50,4,0,32
BRDA:50,4,1,17
BRDA:62,5,0,14
BRDA:62,5,1,17
BRDA:66,6,0,1
BRDA:66,6,1,16
BRDA:78,7,0,17
BRDA:78,7,1,10
BRDA:90,8,0,20
BRDA:90,8,1,0
BRDA:91,9,0,20
BRDA:91,9,1,10
BRDA:91,9,2,0
BRDA:91,9,3,0
BRDA:98,10,0,10
BRDA:98,10,1,10
BRDA:104,11,0,0
BRDA:104,11,1,0
BRDA:104,12,0,0
BRDA:104,12,1,0
BRF:29
BRH:22
end_of_record
TN:
SF:src/services/countryService.ts
FN:6,(anonymous_0)
FN:14,(anonymous_1)
FNF:2
FNH:2
FNDA:5,(anonymous_0)
FNDA:2,(anonymous_1)
DA:3,4
DA:5,4
DA:7,5
DA:8,2
DA:9,1
DA:11,1
DA:15,2
DA:16,2
DA:17,1
DA:19,1
LF:10
LH:10
BRDA:3,0,0,4
BRDA:3,0,1,0
BRDA:8,1,0,1
BRDA:8,1,1,1
BRDA:16,2,0,1
BRDA:16,2,1,1
BRF:6
BRH:5
end_of_record
